<?xml version="1.0" encoding="UTF-8"?>
<testng-results skipped="0" failed="0" ignored="0" total="2" passed="2">
  <reporter-output>
  </reporter-output>
  <suite name="SampleSuite2" duration-ms="55420" started-at="2021-09-17T09:19:46 IST" finished-at="2021-09-17T09:20:41 IST">
    <groups>
    </groups>
    <test name="SampleTest" duration-ms="24973" started-at="2021-09-17T09:19:46 IST" finished-at="2021-09-17T09:20:11 IST">
      <class name="com.picnic.CrossBrowserScript">
        <test-method status="PASS" signature="setup(java.lang.String)[pri:0, instance:com.picnic.CrossBrowserScript@1d5d5621]" name="setup" is-config="true" duration-ms="4698" started-at="2021-09-17T09:19:46 IST" finished-at="2021-09-17T09:19:51 IST">
          <params>
            <param index="0">
              <value>
                <![CDATA[Chrome]]>
              </value>
            </param>
          </params>
          <reporter-output>
          </reporter-output>
        </test-method> <!-- setup -->
        <test-method status="PASS" signature="testParameterWithXML()[pri:0, instance:com.picnic.CrossBrowserScript@1d5d5621]" name="testParameterWithXML" duration-ms="20176" started-at="2021-09-17T09:19:51 IST" finished-at="2021-09-17T09:20:11 IST">
          <reporter-output>
          </reporter-output>
        </test-method> <!-- testParameterWithXML -->
      </class> <!-- com.picnic.CrossBrowserScript -->
    </test> <!-- SampleTest -->
    <test name="Sample2Test" duration-ms="30391" started-at="2021-09-17T09:20:11 IST" finished-at="2021-09-17T09:20:41 IST">
      <class name="com.picnic.CrossBrowserScript">
        <test-method status="PASS" signature="setup(java.lang.String)[pri:0, instance:com.picnic.CrossBrowserScript@7fd26ad8]" name="setup" is-config="true" duration-ms="9543" started-at="2021-09-17T09:20:11 IST" finished-at="2021-09-17T09:20:20 IST">
          <params>
            <param index="0">
              <value>
                <![CDATA[Firefox]]>
              </value>
            </param>
          </params>
          <reporter-output>
          </reporter-output>
        </test-method> <!-- setup -->
        <test-method status="PASS" signature="testParameterWithXML()[pri:0, instance:com.picnic.CrossBrowserScript@7fd26ad8]" name="testParameterWithXML" duration-ms="20847" started-at="2021-09-17T09:20:20 IST" finished-at="2021-09-17T09:20:41 IST">
          <reporter-output>
          </reporter-output>
        </test-method> <!-- testParameterWithXML -->
      </class> <!-- com.picnic.CrossBrowserScript -->
    </test> <!-- Sample2Test -->
  </suite> <!-- SampleSuite2 -->
</testng-results>
